<?xml version="1.0" encoding="UTF-8"?>
<!-- Generated by org.testng.reporters.JUnitReportReporter -->
<testsuite hostname="DESKTOP-PF4I4LN" failures="0" tests="1" name="com.crm.ninzaAPI.CreateProjectFE" time="4.063" errors="0" timestamp="2025-04-15T22:42:24 IST" skipped="0">
  <testcase classname="com.crm.ninzaAPI.CreateProjectFE" name="getProject" time="4.063"/>
</testsuite> <!-- com.crm.ninzaAPI.CreateProjectFE -->
